  [1m[35m (0.2ms)[0m  [1m[34mSELECT sqlite_version(*)[0m
  ↳ /home/tresor/.rbenv/versions/2.6.4/bin/rake:23
  [1m[35m (114.9ms)[0m  [1m[35mCREATE TABLE "schema_migrations" ("version" varchar NOT NULL PRIMARY KEY)[0m
  ↳ /home/tresor/.rbenv/versions/2.6.4/bin/rake:23
  [1m[35m (137.0ms)[0m  [1m[35mCREATE TABLE "ar_internal_metadata" ("key" varchar NOT NULL PRIMARY KEY, "value" varchar, "created_at" datetime NOT NULL, "updated_at" datetime NOT NULL)[0m
  ↳ /home/tresor/.rbenv/versions/2.6.4/bin/rake:23
  [1m[35m (1.1ms)[0m  [1m[34mSELECT "schema_migrations"."version" FROM "schema_migrations" ORDER BY "schema_migrations"."version" ASC[0m
  ↳ /home/tresor/.rbenv/versions/2.6.4/bin/rake:23
Migrating to CreateUsers (20191218164728)
  [1m[35m (0.1ms)[0m  [1m[36mbegin transaction[0m
  ↳ /home/tresor/.rbenv/versions/2.6.4/bin/rake:23
  [1m[35m (1.0ms)[0m  [1m[35mCREATE TABLE "users" ("id" integer PRIMARY KEY AUTOINCREMENT NOT NULL, "user_name" varchar, "email" varchar, "password" varchar, "created_at" datetime NOT NULL, "updated_at" datetime NOT NULL)[0m
  ↳ db/migrate/20191218164728_create_users.rb:3
  [1m[36mActiveRecord::SchemaMigration Create (0.3ms)[0m  [1m[32mINSERT INTO "schema_migrations" ("version") VALUES (?)[0m  [["version", "20191218164728"]]
  ↳ /home/tresor/.rbenv/versions/2.6.4/bin/rake:23
  [1m[35m (104.6ms)[0m  [1m[36mcommit transaction[0m
  ↳ /home/tresor/.rbenv/versions/2.6.4/bin/rake:23
  [1m[36mActiveRecord::InternalMetadata Load (0.9ms)[0m  [1m[34mSELECT  "ar_internal_metadata".* FROM "ar_internal_metadata" WHERE "ar_internal_metadata"."key" = ? LIMIT ?[0m  [["key", "environment"], ["LIMIT", 1]]
  ↳ /home/tresor/.rbenv/versions/2.6.4/bin/rake:23
  [1m[35m (0.1ms)[0m  [1m[36mbegin transaction[0m
  ↳ /home/tresor/.rbenv/versions/2.6.4/bin/rake:23
  [1m[36mActiveRecord::InternalMetadata Create (0.5ms)[0m  [1m[32mINSERT INTO "ar_internal_metadata" ("key", "value", "created_at", "updated_at") VALUES (?, ?, ?, ?)[0m  [["key", "environment"], ["value", "development"], ["created_at", "2019-12-18 17:00:41.530355"], ["updated_at", "2019-12-18 17:00:41.530355"]]
  ↳ /home/tresor/.rbenv/versions/2.6.4/bin/rake:23
  [1m[35m (75.4ms)[0m  [1m[36mcommit transaction[0m
  ↳ /home/tresor/.rbenv/versions/2.6.4/bin/rake:23
  [1m[35m (0.4ms)[0m  [1m[34mSELECT "schema_migrations"."version" FROM "schema_migrations" ORDER BY "schema_migrations"."version" ASC[0m
  ↳ /home/tresor/.rbenv/versions/2.6.4/bin/rake:23
  [1m[35m (0.4ms)[0m  [1m[36mbegin transaction[0m
  [1m[36mUser Exists (0.3ms)[0m  [1m[34mSELECT  1 AS one FROM "users" WHERE "users"."user_name" IS NULL LIMIT ?[0m  [["LIMIT", 1]]
  [1m[35m (0.1ms)[0m  [1m[31mrollback transaction[0m
  [1m[36mUser Exists (0.2ms)[0m  [1m[34mSELECT  1 AS one FROM "users" WHERE "users"."user_name" IS NULL LIMIT ?[0m  [["LIMIT", 1]]
  [1m[35m (0.4ms)[0m  [1m[36mbegin transaction[0m
  [1m[36mUser Exists (0.3ms)[0m  [1m[34mSELECT  1 AS one FROM "users" WHERE "users"."user_name" = ? LIMIT ?[0m  [["user_name", "ahmed"], ["LIMIT", 1]]
  [1m[36mUser Create (0.6ms)[0m  [1m[32mINSERT INTO "users" ("user_name", "email", "password", "created_at", "updated_at") VALUES (?, ?, ?, ?, ?)[0m  [["user_name", "ahmed"], ["email", "ahmed@gmail.com"], ["password", "1234"], ["created_at", "2019-12-18 17:02:42.110850"], ["updated_at", "2019-12-18 17:02:42.110850"]]
  [1m[35m (546.6ms)[0m  [1m[36mcommit transaction[0m
Started GET "/" for 127.0.0.1 at 2019-12-18 19:15:15 +0200
  [1m[35m (0.4ms)[0m  [1m[34mSELECT "schema_migrations"."version" FROM "schema_migrations" ORDER BY "schema_migrations"."version" ASC[0m
  ↳ /home/tresor/.rbenv/versions/2.6.4/lib/ruby/gems/2.6.0/gems/activerecord-5.2.4/lib/active_record/log_subscriber.rb:98
Processing by Rails::WelcomeController#index as HTML
  Rendering /home/tresor/.rbenv/versions/2.6.4/lib/ruby/gems/2.6.0/gems/railties-5.2.4/lib/rails/templates/rails/welcome/index.html.erb
  Rendered /home/tresor/.rbenv/versions/2.6.4/lib/ruby/gems/2.6.0/gems/railties-5.2.4/lib/rails/templates/rails/welcome/index.html.erb (41.6ms)
Completed 200 OK in 576ms (Views: 236.3ms | ActiveRecord: 0.0ms)


Started GET "/users/new" for 127.0.0.1 at 2019-12-18 19:15:35 +0200
Processing by UsersController#new as HTML
  Rendering users/new.html.erb within layouts/application
  Rendered users/new.html.erb within layouts/application (1.1ms)
Completed 200 OK in 7969ms (Views: 7908.8ms | ActiveRecord: 0.0ms)


Started GET "/users/new" for 127.0.0.1 at 2019-12-18 19:21:24 +0200
Processing by UsersController#new as HTML
  Rendering users/new.html.erb within layouts/application
  Rendered users/new.html.erb within layouts/application (27.9ms)
Completed 200 OK in 457ms (Views: 439.7ms | ActiveRecord: 0.0ms)


Started GET "/users/new" for 127.0.0.1 at 2019-12-18 19:22:07 +0200
Processing by UsersController#new as HTML
  Rendering users/new.html.erb within layouts/application
  Rendered users/new.html.erb within layouts/application (0.6ms)
Completed 200 OK in 49ms (Views: 47.8ms | ActiveRecord: 0.0ms)


Started GET "/users/new" for 127.0.0.1 at 2019-12-18 19:28:15 +0200
Processing by UsersController#new as HTML
  Rendering users/new.html.erb within layouts/application
  Rendered users/new.html.erb within layouts/application (0.5ms)
Completed 200 OK in 293ms (Views: 291.2ms | ActiveRecord: 0.0ms)


Started POST "/new" for 127.0.0.1 at 2019-12-18 19:28:49 +0200
  
ActionController::RoutingError (No route matches [POST] "/new"):
  
actionpack (5.2.4) lib/action_dispatch/middleware/debug_exceptions.rb:65:in `call'
web-console (3.7.0) lib/web_console/middleware.rb:135:in `call_app'
web-console (3.7.0) lib/web_console/middleware.rb:30:in `block in call'
web-console (3.7.0) lib/web_console/middleware.rb:20:in `catch'
web-console (3.7.0) lib/web_console/middleware.rb:20:in `call'
actionpack (5.2.4) lib/action_dispatch/middleware/show_exceptions.rb:33:in `call'
railties (5.2.4) lib/rails/rack/logger.rb:38:in `call_app'
railties (5.2.4) lib/rails/rack/logger.rb:26:in `block in call'
activesupport (5.2.4) lib/active_support/tagged_logging.rb:71:in `block in tagged'
activesupport (5.2.4) lib/active_support/tagged_logging.rb:28:in `tagged'
activesupport (5.2.4) lib/active_support/tagged_logging.rb:71:in `tagged'
railties (5.2.4) lib/rails/rack/logger.rb:26:in `call'
sprockets-rails (3.2.1) lib/sprockets/rails/quiet_assets.rb:13:in `call'
actionpack (5.2.4) lib/action_dispatch/middleware/remote_ip.rb:81:in `call'
actionpack (5.2.4) lib/action_dispatch/middleware/request_id.rb:27:in `call'
rack (2.0.7) lib/rack/method_override.rb:22:in `call'
rack (2.0.7) lib/rack/runtime.rb:22:in `call'
activesupport (5.2.4) lib/active_support/cache/strategy/local_cache_middleware.rb:29:in `call'
actionpack (5.2.4) lib/action_dispatch/middleware/executor.rb:14:in `call'
actionpack (5.2.4) lib/action_dispatch/middleware/static.rb:127:in `call'
rack (2.0.7) lib/rack/sendfile.rb:111:in `call'
railties (5.2.4) lib/rails/engine.rb:524:in `call'
puma (3.12.2) lib/puma/configuration.rb:227:in `call'
puma (3.12.2) lib/puma/server.rb:674:in `handle_request'
puma (3.12.2) lib/puma/server.rb:476:in `process_client'
puma (3.12.2) lib/puma/server.rb:334:in `block in run'
puma (3.12.2) lib/puma/thread_pool.rb:135:in `block in spawn_thread'
Started POST "/new" for 127.0.0.1 at 2019-12-18 19:29:21 +0200
  
ActionController::RoutingError (No route matches [POST] "/new"):
  
actionpack (5.2.4) lib/action_dispatch/middleware/debug_exceptions.rb:65:in `call'
web-console (3.7.0) lib/web_console/middleware.rb:135:in `call_app'
web-console (3.7.0) lib/web_console/middleware.rb:30:in `block in call'
web-console (3.7.0) lib/web_console/middleware.rb:20:in `catch'
web-console (3.7.0) lib/web_console/middleware.rb:20:in `call'
actionpack (5.2.4) lib/action_dispatch/middleware/show_exceptions.rb:33:in `call'
railties (5.2.4) lib/rails/rack/logger.rb:38:in `call_app'
railties (5.2.4) lib/rails/rack/logger.rb:26:in `block in call'
activesupport (5.2.4) lib/active_support/tagged_logging.rb:71:in `block in tagged'
activesupport (5.2.4) lib/active_support/tagged_logging.rb:28:in `tagged'
activesupport (5.2.4) lib/active_support/tagged_logging.rb:71:in `tagged'
railties (5.2.4) lib/rails/rack/logger.rb:26:in `call'
sprockets-rails (3.2.1) lib/sprockets/rails/quiet_assets.rb:13:in `call'
actionpack (5.2.4) lib/action_dispatch/middleware/remote_ip.rb:81:in `call'
actionpack (5.2.4) lib/action_dispatch/middleware/request_id.rb:27:in `call'
rack (2.0.7) lib/rack/method_override.rb:22:in `call'
rack (2.0.7) lib/rack/runtime.rb:22:in `call'
activesupport (5.2.4) lib/active_support/cache/strategy/local_cache_middleware.rb:29:in `call'
actionpack (5.2.4) lib/action_dispatch/middleware/executor.rb:14:in `call'
actionpack (5.2.4) lib/action_dispatch/middleware/static.rb:127:in `call'
rack (2.0.7) lib/rack/sendfile.rb:111:in `call'
railties (5.2.4) lib/rails/engine.rb:524:in `call'
puma (3.12.2) lib/puma/configuration.rb:227:in `call'
puma (3.12.2) lib/puma/server.rb:674:in `handle_request'
puma (3.12.2) lib/puma/server.rb:476:in `process_client'
puma (3.12.2) lib/puma/server.rb:334:in `block in run'
puma (3.12.2) lib/puma/thread_pool.rb:135:in `block in spawn_thread'
Started GET "/users/new" for 127.0.0.1 at 2019-12-18 19:29:37 +0200
Processing by UsersController#new as HTML
  Rendering users/new.html.erb within layouts/application
  Rendered users/new.html.erb within layouts/application (2.2ms)
Completed 200 OK in 106ms (Views: 103.0ms | ActiveRecord: 0.0ms)


Started POST "/users/new" for 127.0.0.1 at 2019-12-18 19:29:42 +0200
  
ActionController::RoutingError (No route matches [POST] "/users/new"):
  
actionpack (5.2.4) lib/action_dispatch/middleware/debug_exceptions.rb:65:in `call'
web-console (3.7.0) lib/web_console/middleware.rb:135:in `call_app'
web-console (3.7.0) lib/web_console/middleware.rb:30:in `block in call'
web-console (3.7.0) lib/web_console/middleware.rb:20:in `catch'
web-console (3.7.0) lib/web_console/middleware.rb:20:in `call'
actionpack (5.2.4) lib/action_dispatch/middleware/show_exceptions.rb:33:in `call'
railties (5.2.4) lib/rails/rack/logger.rb:38:in `call_app'
railties (5.2.4) lib/rails/rack/logger.rb:26:in `block in call'
activesupport (5.2.4) lib/active_support/tagged_logging.rb:71:in `block in tagged'
activesupport (5.2.4) lib/active_support/tagged_logging.rb:28:in `tagged'
activesupport (5.2.4) lib/active_support/tagged_logging.rb:71:in `tagged'
railties (5.2.4) lib/rails/rack/logger.rb:26:in `call'
sprockets-rails (3.2.1) lib/sprockets/rails/quiet_assets.rb:13:in `call'
actionpack (5.2.4) lib/action_dispatch/middleware/remote_ip.rb:81:in `call'
actionpack (5.2.4) lib/action_dispatch/middleware/request_id.rb:27:in `call'
rack (2.0.7) lib/rack/method_override.rb:22:in `call'
rack (2.0.7) lib/rack/runtime.rb:22:in `call'
activesupport (5.2.4) lib/active_support/cache/strategy/local_cache_middleware.rb:29:in `call'
actionpack (5.2.4) lib/action_dispatch/middleware/executor.rb:14:in `call'
actionpack (5.2.4) lib/action_dispatch/middleware/static.rb:127:in `call'
rack (2.0.7) lib/rack/sendfile.rb:111:in `call'
railties (5.2.4) lib/rails/engine.rb:524:in `call'
puma (3.12.2) lib/puma/configuration.rb:227:in `call'
puma (3.12.2) lib/puma/server.rb:674:in `handle_request'
puma (3.12.2) lib/puma/server.rb:476:in `process_client'
puma (3.12.2) lib/puma/server.rb:334:in `block in run'
puma (3.12.2) lib/puma/thread_pool.rb:135:in `block in spawn_thread'
Started GET "/users/new" for 127.0.0.1 at 2019-12-18 19:30:24 +0200
Processing by UsersController#new as HTML
  Rendering users/new.html.erb within layouts/application
  Rendered users/new.html.erb within layouts/application (0.6ms)
Completed 200 OK in 46ms (Views: 44.8ms | ActiveRecord: 0.0ms)


Started POST "/create" for 127.0.0.1 at 2019-12-18 19:30:29 +0200
  
ActionController::RoutingError (No route matches [POST] "/create"):
  
actionpack (5.2.4) lib/action_dispatch/middleware/debug_exceptions.rb:65:in `call'
web-console (3.7.0) lib/web_console/middleware.rb:135:in `call_app'
web-console (3.7.0) lib/web_console/middleware.rb:30:in `block in call'
web-console (3.7.0) lib/web_console/middleware.rb:20:in `catch'
web-console (3.7.0) lib/web_console/middleware.rb:20:in `call'
actionpack (5.2.4) lib/action_dispatch/middleware/show_exceptions.rb:33:in `call'
railties (5.2.4) lib/rails/rack/logger.rb:38:in `call_app'
railties (5.2.4) lib/rails/rack/logger.rb:26:in `block in call'
activesupport (5.2.4) lib/active_support/tagged_logging.rb:71:in `block in tagged'
activesupport (5.2.4) lib/active_support/tagged_logging.rb:28:in `tagged'
activesupport (5.2.4) lib/active_support/tagged_logging.rb:71:in `tagged'
railties (5.2.4) lib/rails/rack/logger.rb:26:in `call'
sprockets-rails (3.2.1) lib/sprockets/rails/quiet_assets.rb:13:in `call'
actionpack (5.2.4) lib/action_dispatch/middleware/remote_ip.rb:81:in `call'
actionpack (5.2.4) lib/action_dispatch/middleware/request_id.rb:27:in `call'
rack (2.0.7) lib/rack/method_override.rb:22:in `call'
rack (2.0.7) lib/rack/runtime.rb:22:in `call'
activesupport (5.2.4) lib/active_support/cache/strategy/local_cache_middleware.rb:29:in `call'
actionpack (5.2.4) lib/action_dispatch/middleware/executor.rb:14:in `call'
actionpack (5.2.4) lib/action_dispatch/middleware/static.rb:127:in `call'
rack (2.0.7) lib/rack/sendfile.rb:111:in `call'
railties (5.2.4) lib/rails/engine.rb:524:in `call'
puma (3.12.2) lib/puma/configuration.rb:227:in `call'
puma (3.12.2) lib/puma/server.rb:674:in `handle_request'
puma (3.12.2) lib/puma/server.rb:476:in `process_client'
puma (3.12.2) lib/puma/server.rb:334:in `block in run'
puma (3.12.2) lib/puma/thread_pool.rb:135:in `block in spawn_thread'
Started GET "/users/new" for 127.0.0.1 at 2019-12-18 19:34:09 +0200
Processing by UsersController#new as HTML
  Rendering users/new.html.erb within layouts/application
  Rendered users/new.html.erb within layouts/application (0.6ms)
Completed 200 OK in 424ms (Views: 418.7ms | ActiveRecord: 0.0ms)


Started POST "/users" for 127.0.0.1 at 2019-12-18 19:34:18 +0200
Processing by UsersController#create as HTML
  Parameters: {"name"=>"ahmed", "email"=>"a@gmail.com", "password"=>"[FILTERED]", "commit"=>"Submit"}
Can't verify CSRF token authenticity.
Completed 422 Unprocessable Entity in 1ms (ActiveRecord: 0.0ms)


  
ActionController::InvalidAuthenticityToken (ActionController::InvalidAuthenticityToken):
  
actionpack (5.2.4) lib/action_controller/metal/request_forgery_protection.rb:211:in `handle_unverified_request'
actionpack (5.2.4) lib/action_controller/metal/request_forgery_protection.rb:243:in `handle_unverified_request'
actionpack (5.2.4) lib/action_controller/metal/request_forgery_protection.rb:238:in `verify_authenticity_token'
activesupport (5.2.4) lib/active_support/callbacks.rb:426:in `block in make_lambda'
activesupport (5.2.4) lib/active_support/callbacks.rb:198:in `block (2 levels) in halting'
actionpack (5.2.4) lib/abstract_controller/callbacks.rb:34:in `block (2 levels) in <module:Callbacks>'
activesupport (5.2.4) lib/active_support/callbacks.rb:199:in `block in halting'
activesupport (5.2.4) lib/active_support/callbacks.rb:513:in `block in invoke_before'
activesupport (5.2.4) lib/active_support/callbacks.rb:513:in `each'
activesupport (5.2.4) lib/active_support/callbacks.rb:513:in `invoke_before'
activesupport (5.2.4) lib/active_support/callbacks.rb:131:in `run_callbacks'
actionpack (5.2.4) lib/abstract_controller/callbacks.rb:41:in `process_action'
actionpack (5.2.4) lib/action_controller/metal/rescue.rb:22:in `process_action'
actionpack (5.2.4) lib/action_controller/metal/instrumentation.rb:34:in `block in process_action'
activesupport (5.2.4) lib/active_support/notifications.rb:168:in `block in instrument'
activesupport (5.2.4) lib/active_support/notifications/instrumenter.rb:23:in `instrument'
activesupport (5.2.4) lib/active_support/notifications.rb:168:in `instrument'
actionpack (5.2.4) lib/action_controller/metal/instrumentation.rb:32:in `process_action'
actionpack (5.2.4) lib/action_controller/metal/params_wrapper.rb:256:in `process_action'
activerecord (5.2.4) lib/active_record/railties/controller_runtime.rb:24:in `process_action'
actionpack (5.2.4) lib/abstract_controller/base.rb:134:in `process'
actionview (5.2.4) lib/action_view/rendering.rb:32:in `process'
actionpack (5.2.4) lib/action_controller/metal.rb:191:in `dispatch'
actionpack (5.2.4) lib/action_controller/metal.rb:252:in `dispatch'
actionpack (5.2.4) lib/action_dispatch/routing/route_set.rb:52:in `dispatch'
actionpack (5.2.4) lib/action_dispatch/routing/route_set.rb:34:in `serve'
actionpack (5.2.4) lib/action_dispatch/journey/router.rb:52:in `block in serve'
actionpack (5.2.4) lib/action_dispatch/journey/router.rb:35:in `each'
actionpack (5.2.4) lib/action_dispatch/journey/router.rb:35:in `serve'
actionpack (5.2.4) lib/action_dispatch/routing/route_set.rb:840:in `call'
rack (2.0.7) lib/rack/tempfile_reaper.rb:15:in `call'
rack (2.0.7) lib/rack/etag.rb:25:in `call'
rack (2.0.7) lib/rack/conditional_get.rb:38:in `call'
rack (2.0.7) lib/rack/head.rb:12:in `call'
actionpack (5.2.4) lib/action_dispatch/http/content_security_policy.rb:18:in `call'
rack (2.0.7) lib/rack/session/abstract/id.rb:232:in `context'
rack (2.0.7) lib/rack/session/abstract/id.rb:226:in `call'
actionpack (5.2.4) lib/action_dispatch/middleware/cookies.rb:670:in `call'
activerecord (5.2.4) lib/active_record/migration.rb:559:in `call'
actionpack (5.2.4) lib/action_dispatch/middleware/callbacks.rb:28:in `block in call'
activesupport (5.2.4) lib/active_support/callbacks.rb:98:in `run_callbacks'
actionpack (5.2.4) lib/action_dispatch/middleware/callbacks.rb:26:in `call'
actionpack (5.2.4) lib/action_dispatch/middleware/executor.rb:14:in `call'
actionpack (5.2.4) lib/action_dispatch/middleware/debug_exceptions.rb:61:in `call'
web-console (3.7.0) lib/web_console/middleware.rb:135:in `call_app'
web-console (3.7.0) lib/web_console/middleware.rb:30:in `block in call'
web-console (3.7.0) lib/web_console/middleware.rb:20:in `catch'
web-console (3.7.0) lib/web_console/middleware.rb:20:in `call'
actionpack (5.2.4) lib/action_dispatch/middleware/show_exceptions.rb:33:in `call'
railties (5.2.4) lib/rails/rack/logger.rb:38:in `call_app'
railties (5.2.4) lib/rails/rack/logger.rb:26:in `block in call'
activesupport (5.2.4) lib/active_support/tagged_logging.rb:71:in `block in tagged'
activesupport (5.2.4) lib/active_support/tagged_logging.rb:28:in `tagged'
activesupport (5.2.4) lib/active_support/tagged_logging.rb:71:in `tagged'
railties (5.2.4) lib/rails/rack/logger.rb:26:in `call'
sprockets-rails (3.2.1) lib/sprockets/rails/quiet_assets.rb:13:in `call'
actionpack (5.2.4) lib/action_dispatch/middleware/remote_ip.rb:81:in `call'
actionpack (5.2.4) lib/action_dispatch/middleware/request_id.rb:27:in `call'
rack (2.0.7) lib/rack/method_override.rb:22:in `call'
rack (2.0.7) lib/rack/runtime.rb:22:in `call'
activesupport (5.2.4) lib/active_support/cache/strategy/local_cache_middleware.rb:29:in `call'
actionpack (5.2.4) lib/action_dispatch/middleware/executor.rb:14:in `call'
actionpack (5.2.4) lib/action_dispatch/middleware/static.rb:127:in `call'
rack (2.0.7) lib/rack/sendfile.rb:111:in `call'
railties (5.2.4) lib/rails/engine.rb:524:in `call'
puma (3.12.2) lib/puma/configuration.rb:227:in `call'
puma (3.12.2) lib/puma/server.rb:674:in `handle_request'
puma (3.12.2) lib/puma/server.rb:476:in `process_client'
puma (3.12.2) lib/puma/server.rb:334:in `block in run'
puma (3.12.2) lib/puma/thread_pool.rb:135:in `block in spawn_thread'
Started GET "/users/new" for 127.0.0.1 at 2019-12-18 19:35:31 +0200
Processing by UsersController#new as HTML
  Rendering users/new.html.erb within layouts/application
  Rendered users/new.html.erb within layouts/application (0.8ms)
Completed 200 OK in 977ms (Views: 976.0ms | ActiveRecord: 0.0ms)


Started POST "/users" for 127.0.0.1 at 2019-12-18 19:35:39 +0200
Processing by UsersController#create as HTML
  Parameters: {"name"=>"ahmed", "email"=>"a@gmail.com", "password"=>"[FILTERED]", "authenticity_token"=>"6iYPPe2CS/uhU6Fh6yeIi7d+/zEt3fRqR8sWxUa8EviUX7xZPO1LMrHzUYfKkkx11uFrV9xkznGfbsS3h2JLMQ==", "commit"=>"Submit"}
No template found for UsersController#create, rendering head :no_content
Completed 204 No Content in 26ms (ActiveRecord: 0.0ms)


Started POST "/users" for 127.0.0.1 at 2019-12-18 19:35:46 +0200
Processing by UsersController#create as HTML
  Parameters: {"name"=>"ahmed", "email"=>"a@gmail.com", "password"=>"[FILTERED]", "authenticity_token"=>"6iYPPe2CS/uhU6Fh6yeIi7d+/zEt3fRqR8sWxUa8EviUX7xZPO1LMrHzUYfKkkx11uFrV9xkznGfbsS3h2JLMQ==", "commit"=>"Submit"}
No template found for UsersController#create, rendering head :no_content
Completed 204 No Content in 26ms (ActiveRecord: 0.0ms)


Started GET "/users/new" for 127.0.0.1 at 2019-12-18 19:41:16 +0200
Processing by UsersController#new as HTML
  Rendering users/new.html.erb within layouts/application
  Rendered users/new.html.erb within layouts/application (1.5ms)
Completed 200 OK in 505ms (Views: 429.8ms | ActiveRecord: 0.0ms)


Started POST "/users" for 127.0.0.1 at 2019-12-18 19:41:30 +0200
Processing by UsersController#create as HTML
  Parameters: {"name"=>"ahme", "email"=>"a@gmail.com", "password"=>"[FILTERED]", "authenticity_token"=>"0RTqdF+R9BM1az0w50m+lwCcy5FUeJc7jNbscYKJAzevbVkQjv702iXLzdbG/HppYQNf96XBrSBUcz4DQ1da/g==", "commit"=>"Submit"}
Completed 500 Internal Server Error in 101ms (ActiveRecord: 2.3ms)


  
ActiveModel::UnknownAttributeError (unknown attribute 'username' for User.):
  
app/controllers/users_controller.rb:5:in `create'
Started POST "/users" for 127.0.0.1 at 2019-12-18 19:42:31 +0200
Processing by UsersController#create as HTML
  Parameters: {"name"=>"ahme", "email"=>"a@gmail.com", "password"=>"[FILTERED]", "authenticity_token"=>"0RTqdF+R9BM1az0w50m+lwCcy5FUeJc7jNbscYKJAzevbVkQjv702iXLzdbG/HppYQNf96XBrSBUcz4DQ1da/g==", "commit"=>"Submit"}
Completed 500 Internal Server Error in 21ms (ActiveRecord: 1.7ms)


  
ActiveModel::UnknownAttributeError (unknown attribute 'use_rname' for User.):
  
app/controllers/users_controller.rb:5:in `create'
Started POST "/users" for 127.0.0.1 at 2019-12-18 19:42:46 +0200
Processing by UsersController#create as HTML
  Parameters: {"name"=>"ahme", "email"=>"a@gmail.com", "password"=>"[FILTERED]", "authenticity_token"=>"0RTqdF+R9BM1az0w50m+lwCcy5FUeJc7jNbscYKJAzevbVkQjv702iXLzdbG/HppYQNf96XBrSBUcz4DQ1da/g==", "commit"=>"Submit"}
  [1m[35m (0.3ms)[0m  [1m[36mbegin transaction[0m
  ↳ app/controllers/users_controller.rb:6
  [1m[36mUser Exists (127.1ms)[0m  [1m[34mSELECT  1 AS one FROM "users" WHERE "users"."user_name" IS NULL LIMIT ?[0m  [["LIMIT", 1]]
  ↳ app/controllers/users_controller.rb:6
  [1m[36mUser Create (1.4ms)[0m  [1m[32mINSERT INTO "users" ("email", "password", "created_at", "updated_at") VALUES (?, ?, ?, ?)[0m  [["email", "a@gmail.com"], ["password", "aaaaaaaa"], ["created_at", "2019-12-18 17:42:46.685421"], ["updated_at", "2019-12-18 17:42:46.685421"]]
  ↳ app/controllers/users_controller.rb:6
  [1m[35m (163.9ms)[0m  [1m[36mcommit transaction[0m
  ↳ app/controllers/users_controller.rb:6
Redirected to http://localhost:3000/users/new
Completed 302 Found in 395ms (ActiveRecord: 294.2ms)


Started GET "/users/new" for 127.0.0.1 at 2019-12-18 19:42:47 +0200
Processing by UsersController#new as HTML
  Rendering users/new.html.erb within layouts/application
  Rendered users/new.html.erb within layouts/application (1.4ms)
Completed 200 OK in 57ms (Views: 54.6ms | ActiveRecord: 0.0ms)


Started POST "/users" for 127.0.0.1 at 2019-12-18 19:43:09 +0200
Processing by UsersController#create as HTML
  Parameters: {"name"=>"ahahaha", "email"=>"tres@gmail.com", "password"=>"[FILTERED]", "authenticity_token"=>"CvcmhGEU46rpKqMuRteeEI9Jsdyaw1Mg99Abr0xxYwl0jpXgsHvjY/mKU8hnYlru7tYlumt6aTsvdcndja86wA==", "commit"=>"Submit"}
  [1m[35m (0.6ms)[0m  [1m[36mbegin transaction[0m
  ↳ app/controllers/users_controller.rb:6
  [1m[36mUser Exists (0.5ms)[0m  [1m[34mSELECT  1 AS one FROM "users" WHERE "users"."user_name" IS NULL LIMIT ?[0m  [["LIMIT", 1]]
  ↳ app/controllers/users_controller.rb:6
  [1m[35m (0.2ms)[0m  [1m[31mrollback transaction[0m
  ↳ app/controllers/users_controller.rb:6
  Rendering users/new.html.erb within layouts/application
  Rendered users/new.html.erb within layouts/application (0.8ms)
Completed 200 OK in 400ms (Views: 24.7ms | ActiveRecord: 1.3ms)


Started GET "/users" for 127.0.0.1 at 2019-12-18 21:13:55 +0200
  
ActionController::RoutingError (No route matches [GET] "/users"):
  
actionpack (5.2.4) lib/action_dispatch/middleware/debug_exceptions.rb:65:in `call'
web-console (3.7.0) lib/web_console/middleware.rb:135:in `call_app'
web-console (3.7.0) lib/web_console/middleware.rb:30:in `block in call'
web-console (3.7.0) lib/web_console/middleware.rb:20:in `catch'
web-console (3.7.0) lib/web_console/middleware.rb:20:in `call'
actionpack (5.2.4) lib/action_dispatch/middleware/show_exceptions.rb:33:in `call'
railties (5.2.4) lib/rails/rack/logger.rb:38:in `call_app'
railties (5.2.4) lib/rails/rack/logger.rb:26:in `block in call'
activesupport (5.2.4) lib/active_support/tagged_logging.rb:71:in `block in tagged'
activesupport (5.2.4) lib/active_support/tagged_logging.rb:28:in `tagged'
activesupport (5.2.4) lib/active_support/tagged_logging.rb:71:in `tagged'
railties (5.2.4) lib/rails/rack/logger.rb:26:in `call'
sprockets-rails (3.2.1) lib/sprockets/rails/quiet_assets.rb:13:in `call'
actionpack (5.2.4) lib/action_dispatch/middleware/remote_ip.rb:81:in `call'
actionpack (5.2.4) lib/action_dispatch/middleware/request_id.rb:27:in `call'
rack (2.0.7) lib/rack/method_override.rb:22:in `call'
rack (2.0.7) lib/rack/runtime.rb:22:in `call'
activesupport (5.2.4) lib/active_support/cache/strategy/local_cache_middleware.rb:29:in `call'
actionpack (5.2.4) lib/action_dispatch/middleware/executor.rb:14:in `call'
actionpack (5.2.4) lib/action_dispatch/middleware/static.rb:127:in `call'
rack (2.0.7) lib/rack/sendfile.rb:111:in `call'
railties (5.2.4) lib/rails/engine.rb:524:in `call'
puma (3.12.2) lib/puma/configuration.rb:227:in `call'
puma (3.12.2) lib/puma/server.rb:674:in `handle_request'
puma (3.12.2) lib/puma/server.rb:476:in `process_client'
puma (3.12.2) lib/puma/server.rb:334:in `block in run'
puma (3.12.2) lib/puma/thread_pool.rb:135:in `block in spawn_thread'
Started GET "/users/new" for 127.0.0.1 at 2019-12-18 21:14:41 +0200
Processing by UsersController#new as HTML
  Rendering users/new.html.erb within layouts/application
  Rendered users/new.html.erb within layouts/application (34.8ms)
Completed 200 OK in 2947ms (Views: 2881.3ms | ActiveRecord: 0.0ms)


Started POST "/users" for 127.0.0.1 at 2019-12-18 21:15:14 +0200
Processing by UsersController#create as HTML
  Parameters: {"user"=>{"name"=>"hello", "email"=>"packet@gnail.com", "password"=>"[FILTERED]"}, "authenticity_token"=>"F5A1FK+2sC+/bPwok07Y8550OGKQ07HTTRTlQImwUK1p6YZwftmw5q/MDM6y+xwN/+usBGFqi8iVsTcySG4JZA==", "commit"=>"Submit"}
Unpermitted parameter: :name
  [1m[35m (0.1ms)[0m  [1m[36mbegin transaction[0m
  ↳ app/controllers/users_controller.rb:7
  [1m[36mUser Exists (31.9ms)[0m  [1m[34mSELECT  1 AS one FROM "users" WHERE "users"."user_name" IS NULL LIMIT ?[0m  [["LIMIT", 1]]
  ↳ app/controllers/users_controller.rb:7
  [1m[35m (0.2ms)[0m  [1m[31mrollback transaction[0m
  ↳ app/controllers/users_controller.rb:7
  Rendering users/new.html.erb within layouts/application
  Rendered users/new.html.erb within layouts/application (0.8ms)
Completed 200 OK in 3626ms (Views: 146.9ms | ActiveRecord: 92.7ms)


  [1m[36mUser Load (13.2ms)[0m  [1m[34mSELECT  "users".* FROM "users" ORDER BY "users"."id" DESC LIMIT ?[0m  [["LIMIT", 1]]
Started POST "/users" for 127.0.0.1 at 2019-12-18 21:19:35 +0200
Processing by UsersController#create as HTML
  Parameters: {"user"=>{"name"=>"bbbbbbbbbbb", "email"=>"cc2@gmail.com", "password"=>"[FILTERED]"}, "authenticity_token"=>"U8ChGuNQLHc7+1pWymFWn3WXBT8QosuWH1dr14ew+PstuRJ+Mj8svitbqrDr1JJhFAiRWeEb8Y3H8rmlRm6hMg==", "commit"=>"Submit"}
Unpermitted parameter: :name
  [1m[35m (0.2ms)[0m  [1m[36mbegin transaction[0m
  ↳ app/controllers/users_controller.rb:7
  [1m[36mUser Exists (0.3ms)[0m  [1m[34mSELECT  1 AS one FROM "users" WHERE "users"."user_name" IS NULL LIMIT ?[0m  [["LIMIT", 1]]
  ↳ app/controllers/users_controller.rb:7
  [1m[35m (0.2ms)[0m  [1m[31mrollback transaction[0m
  ↳ app/controllers/users_controller.rb:7
  Rendering users/new.html.erb within layouts/application
  Rendered users/new.html.erb within layouts/application (1.0ms)
Completed 200 OK in 214ms (Views: 50.9ms | ActiveRecord: 0.7ms)


Started GET "/users" for 127.0.0.1 at 2019-12-18 21:20:19 +0200
  
ActionController::RoutingError (No route matches [GET] "/users"):
  
actionpack (5.2.4) lib/action_dispatch/middleware/debug_exceptions.rb:65:in `call'
web-console (3.7.0) lib/web_console/middleware.rb:135:in `call_app'
web-console (3.7.0) lib/web_console/middleware.rb:30:in `block in call'
web-console (3.7.0) lib/web_console/middleware.rb:20:in `catch'
web-console (3.7.0) lib/web_console/middleware.rb:20:in `call'
actionpack (5.2.4) lib/action_dispatch/middleware/show_exceptions.rb:33:in `call'
railties (5.2.4) lib/rails/rack/logger.rb:38:in `call_app'
railties (5.2.4) lib/rails/rack/logger.rb:26:in `block in call'
activesupport (5.2.4) lib/active_support/tagged_logging.rb:71:in `block in tagged'
activesupport (5.2.4) lib/active_support/tagged_logging.rb:28:in `tagged'
activesupport (5.2.4) lib/active_support/tagged_logging.rb:71:in `tagged'
railties (5.2.4) lib/rails/rack/logger.rb:26:in `call'
sprockets-rails (3.2.1) lib/sprockets/rails/quiet_assets.rb:13:in `call'
actionpack (5.2.4) lib/action_dispatch/middleware/remote_ip.rb:81:in `call'
actionpack (5.2.4) lib/action_dispatch/middleware/request_id.rb:27:in `call'
rack (2.0.7) lib/rack/method_override.rb:22:in `call'
rack (2.0.7) lib/rack/runtime.rb:22:in `call'
activesupport (5.2.4) lib/active_support/cache/strategy/local_cache_middleware.rb:29:in `call'
actionpack (5.2.4) lib/action_dispatch/middleware/executor.rb:14:in `call'
actionpack (5.2.4) lib/action_dispatch/middleware/static.rb:127:in `call'
rack (2.0.7) lib/rack/sendfile.rb:111:in `call'
railties (5.2.4) lib/rails/engine.rb:524:in `call'
puma (3.12.2) lib/puma/configuration.rb:227:in `call'
puma (3.12.2) lib/puma/server.rb:674:in `handle_request'
puma (3.12.2) lib/puma/server.rb:476:in `process_client'
puma (3.12.2) lib/puma/server.rb:334:in `block in run'
puma (3.12.2) lib/puma/thread_pool.rb:135:in `block in spawn_thread'
Started GET "/users/new" for 127.0.0.1 at 2019-12-18 21:20:28 +0200
Processing by UsersController#new as HTML
  Rendering users/new.html.erb within layouts/application
  Rendered users/new.html.erb within layouts/application (0.9ms)
Completed 200 OK in 44ms (Views: 42.0ms | ActiveRecord: 0.0ms)


Started GET "/users/new" for 127.0.0.1 at 2019-12-18 21:21:03 +0200
Processing by UsersController#new as HTML
  Rendering users/new.html.erb within layouts/application
  Rendered users/new.html.erb within layouts/application (0.8ms)
Completed 200 OK in 536ms (Views: 534.2ms | ActiveRecord: 0.0ms)


Started POST "/users" for 127.0.0.1 at 2019-12-18 21:21:31 +0200
Processing by UsersController#create as HTML
  Parameters: {"user"=>{"user_name"=>"ooooooo", "email"=>"ooo@gmail.com", "password"=>"[FILTERED]"}, "authenticity_token"=>"JNvhbrASnLmdH4CuqHdOBewK9peBQa5yU6d2KAB3DO1aolIKYX2ccI2/cEiJwor7jZVi8XD4lGmLAqRawalVJA==", "commit"=>"Submit"}
  [1m[35m (0.1ms)[0m  [1m[36mbegin transaction[0m
  ↳ app/controllers/users_controller.rb:7
  [1m[36mUser Exists (0.6ms)[0m  [1m[34mSELECT  1 AS one FROM "users" WHERE "users"."user_name" = ? LIMIT ?[0m  [["user_name", "ooooooo"], ["LIMIT", 1]]
  ↳ app/controllers/users_controller.rb:7
  [1m[36mUser Create (28.2ms)[0m  [1m[32mINSERT INTO "users" ("user_name", "email", "password", "created_at", "updated_at") VALUES (?, ?, ?, ?, ?)[0m  [["user_name", "ooooooo"], ["email", "ooo@gmail.com"], ["password", "ssjsjsjsjjsjss"], ["created_at", "2019-12-18 19:21:31.560928"], ["updated_at", "2019-12-18 19:21:31.560928"]]
  ↳ app/controllers/users_controller.rb:7
  [1m[35m (106.3ms)[0m  [1m[36mcommit transaction[0m
  ↳ app/controllers/users_controller.rb:7
Redirected to http://localhost:3000/users/new
Completed 302 Found in 483ms (ActiveRecord: 135.2ms)


Started GET "/users/new" for 127.0.0.1 at 2019-12-18 21:21:31 +0200
Processing by UsersController#new as HTML
  Rendering users/new.html.erb within layouts/application
  Rendered users/new.html.erb within layouts/application (14.6ms)
Completed 200 OK in 53ms (Views: 51.2ms | ActiveRecord: 0.0ms)


  [1m[36mUser Load (0.9ms)[0m  [1m[34mSELECT  "users".* FROM "users" ORDER BY "users"."id" DESC LIMIT ?[0m  [["LIMIT", 1]]
Started GET "/users/new" for 127.0.0.1 at 2019-12-18 21:46:48 +0200
Processing by UsersController#new as HTML
  Rendering users/new.html.erb within layouts/application
  Rendered users/new.html.erb within layouts/application (549.6ms)
Completed 500 Internal Server Error in 1544ms (ActiveRecord: 0.0ms)


  
SyntaxError (/home/tresor/re-former/app/views/users/new.html.erb:16: syntax error, unexpected ',', expecting ')'
...append=( label_tag (:user_name, "user_name:") );@output_buff...
...                              ^
/home/tresor/re-former/app/views/users/new.html.erb:16: syntax error, unexpected ')', expecting end
...ag (:user_name, "user_name:") );@output_buffer.safe_append='
...                              ^
/home/tresor/re-former/app/views/users/new.html.erb:18: syntax error, unexpected ',', expecting ')'
...fer.append=( label_tag (:email, "Email:") );@output_buffer.s...
...                              ^
/home/tresor/re-former/app/views/users/new.html.erb:18: syntax error, unexpected ')', expecting end
... label_tag (:email, "Email:") );@output_buffer.safe_append='
...                              ^
/home/tresor/re-former/app/views/users/new.html.erb:20: syntax error, unexpected ',', expecting ')'
....append=( label_tag (:password, "Password") );@output_buffer...
...                              ^
/home/tresor/re-former/app/views/users/new.html.erb:20: syntax error, unexpected ')', expecting end
...l_tag (:password, "Password") );@output_buffer.safe_append='
...                              ^
/home/tresor/re-former/app/views/users/new.html.erb:25: syntax error, unexpected ensure, expecting end-of-input
          ensure
          ^~~~~~):
  
app/views/users/new.html.erb:16: syntax error, unexpected ',', expecting ')'
app/views/users/new.html.erb:16: syntax error, unexpected ')', expecting end
app/views/users/new.html.erb:18: syntax error, unexpected ',', expecting ')'
app/views/users/new.html.erb:18: syntax error, unexpected ')', expecting end
app/views/users/new.html.erb:20: syntax error, unexpected ',', expecting ')'
app/views/users/new.html.erb:20: syntax error, unexpected ')', expecting end
app/views/users/new.html.erb:25: syntax error, unexpected ensure, expecting end-of-input
Started GET "/users/new" for 127.0.0.1 at 2019-12-18 21:49:22 +0200
Processing by UsersController#new as HTML
  Rendering users/new.html.erb within layouts/application
  Rendered users/new.html.erb within layouts/application (12.6ms)
Completed 500 Internal Server Error in 24ms (ActiveRecord: 0.0ms)


  
SyntaxError (/home/tresor/re-former/app/views/users/new.html.erb:16: syntax error, unexpected ',', expecting ')'
...append=( label_tag (:user_name, 'user_name:') );@output_buff...
...                              ^
/home/tresor/re-former/app/views/users/new.html.erb:16: syntax error, unexpected ')', expecting end
...ag (:user_name, 'user_name:') );@output_buffer.safe_append='
...                              ^
/home/tresor/re-former/app/views/users/new.html.erb:18: syntax error, unexpected ',', expecting ')'
...fer.append=( label_tag (:email, 'Email:') );@output_buffer.s...
...                              ^
/home/tresor/re-former/app/views/users/new.html.erb:18: syntax error, unexpected ')', expecting end
... label_tag (:email, 'Email:') );@output_buffer.safe_append='
...                              ^
/home/tresor/re-former/app/views/users/new.html.erb:20: syntax error, unexpected ',', expecting ')'
....append=( label_tag (:password, 'Password') );@output_buffer...
...                              ^
/home/tresor/re-former/app/views/users/new.html.erb:20: syntax error, unexpected ')', expecting end
...l_tag (:password, 'Password') );@output_buffer.safe_append='
...                              ^
/home/tresor/re-former/app/views/users/new.html.erb:25: syntax error, unexpected ensure, expecting end-of-input
          ensure
          ^~~~~~):
  
app/views/users/new.html.erb:16: syntax error, unexpected ',', expecting ')'
app/views/users/new.html.erb:16: syntax error, unexpected ')', expecting end
app/views/users/new.html.erb:18: syntax error, unexpected ',', expecting ')'
app/views/users/new.html.erb:18: syntax error, unexpected ')', expecting end
app/views/users/new.html.erb:20: syntax error, unexpected ',', expecting ')'
app/views/users/new.html.erb:20: syntax error, unexpected ')', expecting end
app/views/users/new.html.erb:25: syntax error, unexpected ensure, expecting end-of-input
Started GET "/users/new" for 127.0.0.1 at 2019-12-18 21:52:07 +0200
Processing by UsersController#new as HTML
  Rendering users/new.html.erb within layouts/application
  Rendered users/new.html.erb within layouts/application (67.5ms)
Completed 500 Internal Server Error in 72ms (ActiveRecord: 0.0ms)


  
SyntaxError (/home/tresor/re-former/app/views/users/new.html.erb:16: syntax error, unexpected ',', expecting ')'
...append=( label_tag (:user_name, 'user_name:') );@output_buff...
...                              ^
/home/tresor/re-former/app/views/users/new.html.erb:16: syntax error, unexpected ')', expecting end
...ag (:user_name, 'user_name:') );@output_buffer.safe_append='
...                              ^
/home/tresor/re-former/app/views/users/new.html.erb:18: syntax error, unexpected ',', expecting ')'
...fer.append=( label_tag (:email, 'Email:') );@output_buffer.s...
...                              ^
/home/tresor/re-former/app/views/users/new.html.erb:18: syntax error, unexpected ')', expecting end
... label_tag (:email, 'Email:') );@output_buffer.safe_append='
...                              ^
/home/tresor/re-former/app/views/users/new.html.erb:20: syntax error, unexpected ',', expecting ')'
....append=( label_tag (:password, 'Password') );@output_buffer...
...                              ^
/home/tresor/re-former/app/views/users/new.html.erb:20: syntax error, unexpected ')', expecting end
...l_tag (:password, 'Password') );@output_buffer.safe_append='
...                              ^
/home/tresor/re-former/app/views/users/new.html.erb:25: syntax error, unexpected ensure, expecting end-of-input
          ensure
          ^~~~~~):
  
app/views/users/new.html.erb:16: syntax error, unexpected ',', expecting ')'
app/views/users/new.html.erb:16: syntax error, unexpected ')', expecting end
app/views/users/new.html.erb:18: syntax error, unexpected ',', expecting ')'
app/views/users/new.html.erb:18: syntax error, unexpected ')', expecting end
app/views/users/new.html.erb:20: syntax error, unexpected ',', expecting ')'
app/views/users/new.html.erb:20: syntax error, unexpected ')', expecting end
app/views/users/new.html.erb:25: syntax error, unexpected ensure, expecting end-of-input
Started GET "/users/new" for 127.0.0.1 at 2019-12-18 21:54:01 +0200
Processing by UsersController#new as HTML
  Rendering users/new.html.erb within layouts/application
  Rendered users/new.html.erb within layouts/application (2.2ms)
Completed 500 Internal Server Error in 9ms (ActiveRecord: 0.0ms)


  
SyntaxError (/home/tresor/re-former/app/views/users/new.html.erb:2: syntax error, unexpected ',', expecting ')'
...append=( label_tag (:user_name, 'user_name:') );@output_buff...
...                              ^
/home/tresor/re-former/app/views/users/new.html.erb:2: syntax error, unexpected ')', expecting end
...ag (:user_name, 'user_name:') );@output_buffer.safe_append='
...                              ^
/home/tresor/re-former/app/views/users/new.html.erb:4: syntax error, unexpected ',', expecting ')'
...fer.append=( label_tag (:email, 'Email:') );@output_buffer.s...
...                              ^
/home/tresor/re-former/app/views/users/new.html.erb:4: syntax error, unexpected ')', expecting end
... label_tag (:email, 'Email:') );@output_buffer.safe_append='
...                              ^
/home/tresor/re-former/app/views/users/new.html.erb:6: syntax error, unexpected ',', expecting ')'
....append=( label_tag (:password, 'Password') );@output_buffer...
...                              ^
/home/tresor/re-former/app/views/users/new.html.erb:6: syntax error, unexpected ')', expecting end
...l_tag (:password, 'Password') );@output_buffer.safe_append='
...                              ^
/home/tresor/re-former/app/views/users/new.html.erb:11: syntax error, unexpected ensure, expecting end-of-input
          ensure
          ^~~~~~):
  
app/views/users/new.html.erb:2: syntax error, unexpected ',', expecting ')'
app/views/users/new.html.erb:2: syntax error, unexpected ')', expecting end
app/views/users/new.html.erb:4: syntax error, unexpected ',', expecting ')'
app/views/users/new.html.erb:4: syntax error, unexpected ')', expecting end
app/views/users/new.html.erb:6: syntax error, unexpected ',', expecting ')'
app/views/users/new.html.erb:6: syntax error, unexpected ')', expecting end
app/views/users/new.html.erb:11: syntax error, unexpected ensure, expecting end-of-input
Started GET "/users/new" for 127.0.0.1 at 2019-12-18 21:55:02 +0200
Processing by UsersController#new as HTML
  Rendering users/new.html.erb within layouts/application
  Rendered users/new.html.erb within layouts/application (2.5ms)
Completed 500 Internal Server Error in 8ms (ActiveRecord: 0.0ms)


  
SyntaxError (/home/tresor/re-former/app/views/users/new.html.erb:3: syntax error, unexpected ',', expecting ')'
...fer.append=( label_tag (:email, 'Email:') );@output_buffer.s...
...                              ^
/home/tresor/re-former/app/views/users/new.html.erb:3: syntax error, unexpected ')', expecting end
... label_tag (:email, 'Email:') );@output_buffer.safe_append='
...                              ^
/home/tresor/re-former/app/views/users/new.html.erb:5: syntax error, unexpected ',', expecting ')'
....append=( label_tag (:password, 'Password') );@output_buffer...
...                              ^
/home/tresor/re-former/app/views/users/new.html.erb:5: syntax error, unexpected ')', expecting end
...l_tag (:password, 'Password') );@output_buffer.safe_append='
...                              ^
/home/tresor/re-former/app/views/users/new.html.erb:10: syntax error, unexpected ensure, expecting end-of-input
          ensure
          ^~~~~~):
  
app/views/users/new.html.erb:3: syntax error, unexpected ',', expecting ')'
app/views/users/new.html.erb:3: syntax error, unexpected ')', expecting end
app/views/users/new.html.erb:5: syntax error, unexpected ',', expecting ')'
app/views/users/new.html.erb:5: syntax error, unexpected ')', expecting end
app/views/users/new.html.erb:10: syntax error, unexpected ensure, expecting end-of-input
Started GET "/users/new" for 127.0.0.1 at 2019-12-18 21:55:30 +0200
Processing by UsersController#new as HTML
  Rendering users/new.html.erb within layouts/application
  Rendered users/new.html.erb within layouts/application (1072.3ms)
Completed 200 OK in 1387ms (Views: 1385.1ms | ActiveRecord: 0.0ms)


Started GET "/users/new" for 127.0.0.1 at 2019-12-18 21:56:19 +0200
Processing by UsersController#new as HTML
  Rendering users/new.html.erb within layouts/application
  Rendered users/new.html.erb within layouts/application (1.5ms)
Completed 200 OK in 47ms (Views: 44.6ms | ActiveRecord: 0.0ms)


Started GET "/users/new" for 127.0.0.1 at 2019-12-18 21:57:04 +0200
Processing by UsersController#new as HTML
  Rendering users/new.html.erb within layouts/application
  Rendered users/new.html.erb within layouts/application (1384.9ms)
Completed 200 OK in 1437ms (Views: 1435.2ms | ActiveRecord: 0.0ms)


Started POST "/users" for 127.0.0.1 at 2019-12-18 21:57:48 +0200
Processing by UsersController#create as HTML
  Parameters: {"utf8"=>"✓", "authenticity_token"=>"vIsMVS6jtkuFiVVQz5MNmdteYf5hIUW3TOTMH6XCoyrC8r8x/8y2gpUppbbuJslnusH1mJCYf6yUQR5tZBz64w==", "user_name"=>"aubin", "email"=>"njebe@gmail.com", "password"=>"[FILTERED]", "commit"=>"submit"}
Completed 400 Bad Request in 153ms (ActiveRecord: 0.0ms)


  
ActionController::ParameterMissing (param is missing or the value is empty: user):
  
app/helpers/users_helper.rb:3:in `user_params'
app/controllers/users_controller.rb:6:in `create'
Started GET "/users/new" for 127.0.0.1 at 2019-12-18 21:59:13 +0200
Processing by UsersController#new as HTML
  Rendering users/new.html.erb within layouts/application
  Rendered users/new.html.erb within layouts/application (47.6ms)
Completed 500 Internal Server Error in 51ms (ActiveRecord: 0.0ms)


  
SyntaxError (/home/tresor/re-former/app/views/users/new.html.erb:3: syntax error, unexpected ',', expecting ')'
...append=( text_field_tag (:user,:user_name) );@output_buffer....
...                              ^
/home/tresor/re-former/app/views/users/new.html.erb:5: syntax error, unexpected ',', expecting ')'
...append=( text_field_tag (:user,:email) );@output_buffer.safe...
...                              ^
/home/tresor/re-former/app/views/users/new.html.erb:7: syntax error, unexpected ',', expecting ')'
...nd=( password_field_tag (:user,:password) );@output_buffer.s...
...                              ^
/home/tresor/re-former/app/views/users/new.html.erb:11: syntax error, unexpected ensure, expecting end-of-input
          ensure
          ^~~~~~):
  
app/views/users/new.html.erb:3: syntax error, unexpected ',', expecting ')'
app/views/users/new.html.erb:5: syntax error, unexpected ',', expecting ')'
app/views/users/new.html.erb:7: syntax error, unexpected ',', expecting ')'
app/views/users/new.html.erb:11: syntax error, unexpected ensure, expecting end-of-input
Started GET "/users/new" for 127.0.0.1 at 2019-12-18 22:00:02 +0200
Processing by UsersController#new as HTML
  Rendering users/new.html.erb within layouts/application
  Rendered users/new.html.erb within layouts/application (1.2ms)
Completed 500 Internal Server Error in 10ms (ActiveRecord: 0.0ms)


  
SyntaxError (/home/tresor/re-former/app/views/users/new.html.erb:3: syntax error, unexpected ',', expecting ')'
...append=( text_field_tag (:user, :user_name) );@output_buffer...
...                              ^
/home/tresor/re-former/app/views/users/new.html.erb:5: syntax error, unexpected ',', expecting ')'
...append=( text_field_tag (:user, :email) );@output_buffer.saf...
...                              ^
/home/tresor/re-former/app/views/users/new.html.erb:7: syntax error, unexpected ',', expecting ')'
...nd=( password_field_tag (:user, :password) );@output_buffer....
...                              ^
/home/tresor/re-former/app/views/users/new.html.erb:11: syntax error, unexpected ensure, expecting end-of-input
          ensure
          ^~~~~~):
  
app/views/users/new.html.erb:3: syntax error, unexpected ',', expecting ')'
app/views/users/new.html.erb:5: syntax error, unexpected ',', expecting ')'
app/views/users/new.html.erb:7: syntax error, unexpected ',', expecting ')'
app/views/users/new.html.erb:11: syntax error, unexpected ensure, expecting end-of-input
Started GET "/users/new" for 127.0.0.1 at 2019-12-18 22:00:43 +0200
Processing by UsersController#new as HTML
  Rendering users/new.html.erb within layouts/application
  Rendered users/new.html.erb within layouts/application (1.8ms)
Completed 200 OK in 69ms (Views: 67.3ms | ActiveRecord: 0.0ms)


Started POST "/users" for 127.0.0.1 at 2019-12-18 22:00:48 +0200
Processing by UsersController#create as HTML
  Parameters: {"utf8"=>"✓", "authenticity_token"=>"beKOWMx7Rkvl5t4/uJ/chjCgwtYl0gbY6UZRs1M+eVMTmz08HRRGgvVGLtmZKhh4UT9WsNRrPMMx44PBkuAgmg==", "user"=>"password", "commit"=>"submit"}
Completed 500 Internal Server Error in 715ms (ActiveRecord: 0.0ms)


  
NoMethodError (undefined method `permit' for "password":String):
  
app/helpers/users_helper.rb:3:in `user_params'
app/controllers/users_controller.rb:6:in `create'
Started POST "/users" for 127.0.0.1 at 2019-12-18 22:02:42 +0200
Processing by UsersController#create as HTML
  Parameters: {"utf8"=>"✓", "authenticity_token"=>"beKOWMx7Rkvl5t4/uJ/chjCgwtYl0gbY6UZRs1M+eVMTmz08HRRGgvVGLtmZKhh4UT9WsNRrPMMx44PBkuAgmg==", "user"=>"password", "commit"=>"submit"}
Completed 500 Internal Server Error in 5ms (ActiveRecord: 0.0ms)


  
NoMethodError (undefined method `permit' for "password":String):
  
app/helpers/users_helper.rb:3:in `user_params'
app/controllers/users_controller.rb:6:in `create'
  [1m[35m (0.4ms)[0m  [1m[34mSELECT "schema_migrations"."version" FROM "schema_migrations" ORDER BY "schema_migrations"."version" ASC[0m
  ↳ /home/tresor/.rbenv/versions/2.6.4/bin/rake:23
  [1m[36mActiveRecord::InternalMetadata Load (14.3ms)[0m  [1m[34mSELECT  "ar_internal_metadata".* FROM "ar_internal_metadata" WHERE "ar_internal_metadata"."key" = ? LIMIT ?[0m  [["key", "environment"], ["LIMIT", 1]]
  ↳ /home/tresor/.rbenv/versions/2.6.4/bin/rake:23
  [1m[35m (0.7ms)[0m  [1m[36mbegin transaction[0m
  ↳ /home/tresor/.rbenv/versions/2.6.4/bin/rake:23
  [1m[35m (0.2ms)[0m  [1m[36mcommit transaction[0m
  ↳ /home/tresor/.rbenv/versions/2.6.4/bin/rake:23
  [1m[35m (0.1ms)[0m  [1m[34mSELECT "schema_migrations"."version" FROM "schema_migrations" ORDER BY "schema_migrations"."version" ASC[0m
  ↳ /home/tresor/.rbenv/versions/2.6.4/bin/rake:23
Started POST "/users" for 127.0.0.1 at 2019-12-18 22:05:06 +0200
  [1m[35m (0.3ms)[0m  [1m[34mSELECT "schema_migrations"."version" FROM "schema_migrations" ORDER BY "schema_migrations"."version" ASC[0m
  ↳ /home/tresor/.rbenv/versions/2.6.4/lib/ruby/gems/2.6.0/gems/activerecord-5.2.4/lib/active_record/log_subscriber.rb:98
Processing by UsersController#create as HTML
  Parameters: {"utf8"=>"✓", "authenticity_token"=>"beKOWMx7Rkvl5t4/uJ/chjCgwtYl0gbY6UZRs1M+eVMTmz08HRRGgvVGLtmZKhh4UT9WsNRrPMMx44PBkuAgmg==", "user"=>"password", "commit"=>"submit"}
Completed 500 Internal Server Error in 24ms (ActiveRecord: 0.0ms)


  
NoMethodError (undefined method `permit' for "password":String):
  
app/helpers/users_helper.rb:3:in `user_params'
app/controllers/users_controller.rb:6:in `create'
Started GET "/users/new" for 127.0.0.1 at 2019-12-18 22:05:26 +0200
Processing by UsersController#new as HTML
  Rendering users/new.html.erb within layouts/application
  Rendered users/new.html.erb within layouts/application (1.5ms)
Completed 200 OK in 260ms (Views: 222.7ms | ActiveRecord: 0.0ms)


Started POST "/users" for 127.0.0.1 at 2019-12-18 22:05:34 +0200
Processing by UsersController#create as HTML
  Parameters: {"utf8"=>"✓", "authenticity_token"=>"B7tHFpCnVyfuoI0hKdDeeuat1xX4zlTEQ5vDX66P7rl5wvRyQchX7v4AfccIZRqEhzJDcwl3bt+bPhEtb1G3cA==", "user"=>"passwordddd", "commit"=>"submit"}
Completed 500 Internal Server Error in 6ms (ActiveRecord: 0.0ms)


  
NoMethodError (undefined method `permit' for "passwordddd":String):
  
app/helpers/users_helper.rb:3:in `user_params'
app/controllers/users_controller.rb:6:in `create'
Started GET "/users/new" for 127.0.0.1 at 2019-12-18 22:08:37 +0200
  [1m[35m (0.1ms)[0m  [1m[34mSELECT "schema_migrations"."version" FROM "schema_migrations" ORDER BY "schema_migrations"."version" ASC[0m
  ↳ /home/tresor/.rbenv/versions/2.6.4/lib/ruby/gems/2.6.0/gems/activerecord-5.2.4/lib/active_record/log_subscriber.rb:98
Processing by UsersController#new as HTML
  Rendering users/new.html.erb within layouts/application
  Rendered users/new.html.erb within layouts/application (138.7ms)
Completed 500 Internal Server Error in 147ms (ActiveRecord: 0.0ms)


  
ActionView::Template::Error (undefined method `stringify_keys' for "user_name:":String):
    13: <%
    14: =end%>
    15: <%= form_tag( '/users' , method: "post") do%>
    16: <%= label_tag(:user, :user_name, 'user_name:') %>
    17: <%= text_field_tag(:user, :user_name) %>
    18: <%= label_tag(:user, :email, 'Email:') %>
    19: <%= text_field_tag(:user, :email) %>
  
app/views/users/new.html.erb:16:in `block in _app_views_users_new_html_erb__2843122080188548694_70033234487060'
app/views/users/new.html.erb:15:in `_app_views_users_new_html_erb__2843122080188548694_70033234487060'
Started GET "/users/new" for 127.0.0.1 at 2019-12-18 22:09:25 +0200
Processing by UsersController#new as HTML
  Rendering users/new.html.erb within layouts/application
  Rendered users/new.html.erb within layouts/application (8.2ms)
Completed 200 OK in 400ms (Views: 396.4ms | ActiveRecord: 0.0ms)


Started POST "/users" for 127.0.0.1 at 2019-12-18 22:09:29 +0200
Processing by UsersController#create as HTML
  Parameters: {"utf8"=>"✓", "authenticity_token"=>"PyOFhgC2FQsEr4eGgKRRWIsiB2MSKos2fv3YoJiWG3lBWjbi0dkVwhQPd2ChEZWm6r2TBeOTsS2mWArSWUhCsA==", "user"=>"password", "commit"=>"submit"}
Completed 500 Internal Server Error in 5ms (ActiveRecord: 0.0ms)


  
NoMethodError (undefined method `permit' for "password":String):
  
app/helpers/users_helper.rb:3:in `user_params'
app/controllers/users_controller.rb:6:in `create'
Started POST "/users" for 127.0.0.1 at 2019-12-18 22:10:37 +0200
Processing by UsersController#create as HTML
  Parameters: {"utf8"=>"✓", "authenticity_token"=>"PyOFhgC2FQsEr4eGgKRRWIsiB2MSKos2fv3YoJiWG3lBWjbi0dkVwhQPd2ChEZWm6r2TBeOTsS2mWArSWUhCsA==", "user"=>"password", "commit"=>"submit"}
Completed 500 Internal Server Error in 9ms (ActiveRecord: 0.0ms)


  
NoMethodError (undefined method `permit' for "password":String):
  
app/helpers/users_helper.rb:3:in `user_params'
app/controllers/users_controller.rb:6:in `create'
Started GET "/users/new" for 127.0.0.1 at 2019-12-18 22:10:49 +0200
Processing by UsersController#new as HTML
  Rendering users/new.html.erb within layouts/application
  Rendered users/new.html.erb within layouts/application (2.7ms)
Completed 200 OK in 49ms (Views: 46.4ms | ActiveRecord: 0.0ms)


Started POST "/users" for 127.0.0.1 at 2019-12-18 22:10:51 +0200
Processing by UsersController#create as HTML
  Parameters: {"utf8"=>"✓", "authenticity_token"=>"Zdd/KjZRDTE1juR3dCbOBy75qdwBMqpL+sF42i03qRwbrsxO5z4N+CUuFJFVkwr5T2Y9uvCLkFAiZKqo7Onw1Q==", "user"=>"password", "commit"=>"submit"}
Completed 500 Internal Server Error in 9ms (ActiveRecord: 0.0ms)


  
NoMethodError (undefined method `permit' for "password":String):
  
app/helpers/users_helper.rb:3:in `user_params'
app/controllers/users_controller.rb:6:in `create'
Started POST "/users" for 127.0.0.1 at 2019-12-18 22:14:18 +0200
Processing by UsersController#create as HTML
  Parameters: {"utf8"=>"✓", "authenticity_token"=>"Zdd/KjZRDTE1juR3dCbOBy75qdwBMqpL+sF42i03qRwbrsxO5z4N+CUuFJFVkwr5T2Y9uvCLkFAiZKqo7Onw1Q==", "user"=>"password", "commit"=>"submit"}
Completed 500 Internal Server Error in 6ms (ActiveRecord: 0.0ms)


  
NoMethodError (undefined method `permit' for "password":String):
  
app/helpers/users_helper.rb:3:in `user_params'
app/controllers/users_controller.rb:6:in `create'
Started POST "/users" for 127.0.0.1 at 2019-12-18 22:21:54 +0200
Processing by UsersController#create as HTML
  Parameters: {"utf8"=>"✓", "authenticity_token"=>"Zdd/KjZRDTE1juR3dCbOBy75qdwBMqpL+sF42i03qRwbrsxO5z4N+CUuFJFVkwr5T2Y9uvCLkFAiZKqo7Onw1Q==", "user"=>"password", "commit"=>"submit"}
Completed 500 Internal Server Error in 47ms (ActiveRecord: 0.0ms)


  
NoMethodError (undefined method `permit' for "password":String):
  
app/helpers/users_helper.rb:3:in `user_params'
app/controllers/users_controller.rb:6:in `create'
Started GET "/users/new" for 127.0.0.1 at 2019-12-18 22:22:04 +0200
Processing by UsersController#new as HTML
  Rendering users/new.html.erb within layouts/application
  Rendered users/new.html.erb within layouts/application (49.4ms)
Completed 200 OK in 1307ms (Views: 1305.8ms | ActiveRecord: 0.0ms)


Started POST "/users" for 127.0.0.1 at 2019-12-18 22:22:20 +0200
Processing by UsersController#create as HTML
  Parameters: {"utf8"=>"✓", "authenticity_token"=>"pENxbUWwTSHiAoxje9a+sdl/plgRa5Hc6BWyyn5p9qPaOsIJlN9N6PKifIVaY3pPuOAyPuDSq8cwsGC4v7evag==", "user"=>"passwordssssss", "commit"=>"submit"}
Completed 500 Internal Server Error in 8ms (ActiveRecord: 0.0ms)


  
NoMethodError (undefined method `permit' for "passwordssssss":String):
  
app/helpers/users_helper.rb:3:in `user_params'
app/controllers/users_controller.rb:6:in `create'
Started GET "/users/new" for 127.0.0.1 at 2019-12-18 22:22:40 +0200
Processing by UsersController#new as HTML
  Rendering users/new.html.erb within layouts/application
  Rendered users/new.html.erb within layouts/application (6.8ms)
Completed 200 OK in 57ms (Views: 54.9ms | ActiveRecord: 0.0ms)


Started GET "/users/new" for 127.0.0.1 at 2019-12-18 22:22:45 +0200
Processing by UsersController#new as HTML
  Rendering users/new.html.erb within layouts/application
  Rendered users/new.html.erb within layouts/application (1.9ms)
Completed 200 OK in 46ms (Views: 43.5ms | ActiveRecord: 0.0ms)


Started GET "/users/new" for 127.0.0.1 at 2019-12-18 22:25:19 +0200
Processing by UsersController#new as HTML
  Rendering users/new.html.erb within layouts/application
  Rendered users/new.html.erb within layouts/application (8.6ms)
Completed 200 OK in 42ms (Views: 39.1ms | ActiveRecord: 0.0ms)


Started POST "/users" for 127.0.0.1 at 2019-12-18 22:25:31 +0200
Processing by UsersController#create as HTML
  Parameters: {"utf8"=>"✓", "authenticity_token"=>"bSPMOyMld8pQqwzjJxtaScWojJBcu70T7Fw5lid1G/ITWn9f8kp3A0AL/AUGrp63pDcY9q0Chwg0+evk5qtCOw==", "user_name"=>"user_namesssssss", "email"=>"emailsssssssss", "password"=>"[FILTERED]", "commit"=>"submit"}
Completed 500 Internal Server Error in 240ms (ActiveRecord: 2.9ms)


  
ActiveModel::UnknownAttributeError (unknown attribute 'username' for User.):
  
app/controllers/users_controller.rb:6:in `create'
Started GET "/users/new" for 127.0.0.1 at 2019-12-18 22:26:19 +0200
Processing by UsersController#new as HTML
  Rendering users/new.html.erb within layouts/application
  Rendered users/new.html.erb within layouts/application (2.1ms)
Completed 200 OK in 250ms (Views: 245.7ms | ActiveRecord: 0.0ms)


Started POST "/users" for 127.0.0.1 at 2019-12-18 22:26:25 +0200
Processing by UsersController#create as HTML
  Parameters: {"utf8"=>"✓", "authenticity_token"=>"xfXFo/sOGB8RsZY+x10xZ2BByskmwG9GG7czkjFg76W7jHbHKmEY1gERZtjm6PWZAd5er9d5VV3DEuHg8L62bA==", "user_name"=>"user_namesssssss", "email"=>"emailsssssssss", "password"=>"[FILTERED]", "commit"=>"submit"}
Completed 500 Internal Server Error in 221ms (ActiveRecord: 3.8ms)


  
ActiveModel::UnknownAttributeError (unknown attribute 'username' for User.):
  
app/controllers/users_controller.rb:6:in `create'
Started GET "/users/new" for 127.0.0.1 at 2019-12-18 22:26:57 +0200
Processing by UsersController#new as HTML
  Rendering users/new.html.erb within layouts/application
  Rendered users/new.html.erb within layouts/application (4.8ms)
Completed 200 OK in 147ms (Views: 143.6ms | ActiveRecord: 0.0ms)


Started POST "/users" for 127.0.0.1 at 2019-12-18 22:27:03 +0200
Processing by UsersController#create as HTML
  Parameters: {"utf8"=>"✓", "authenticity_token"=>"G/aLBvscDzuu/yJ+6PPZpk5K0SeKfSkA7nG9JqcYt0RljzhiKnMP8r5f0pjJRh1YL9VFQXvEExs21G9UZsbujQ==", "user_name"=>"user_namesssssss", "email"=>"emailsssssssss", "password"=>"[FILTERED]", "commit"=>"submit"}
Completed 500 Internal Server Error in 21ms (ActiveRecord: 1.9ms)


  
ActiveModel::UnknownAttributeError (unknown attribute 'use_rname' for User.):
  
app/controllers/users_controller.rb:6:in `create'
Started GET "/users/new" for 127.0.0.1 at 2019-12-18 22:27:24 +0200
Processing by UsersController#new as HTML
  Rendering users/new.html.erb within layouts/application
  Rendered users/new.html.erb within layouts/application (22.8ms)
Completed 200 OK in 86ms (Views: 83.1ms | ActiveRecord: 0.0ms)


Started POST "/users" for 127.0.0.1 at 2019-12-18 22:27:29 +0200
Processing by UsersController#create as HTML
  Parameters: {"utf8"=>"✓", "authenticity_token"=>"MM9wmCPUpByhtunWheFu6AK/4UJzGmBLmQXbbT8rgi1OtsP88ruk1bEWGTCkVKoWYyB1JIKjWlBBoAkf/vXb5A==", "user_name"=>"user_namesssssss", "email"=>"emailsssssssss", "password"=>"[FILTERED]", "commit"=>"submit"}
  [1m[35m (0.3ms)[0m  [1m[36mbegin transaction[0m
  ↳ app/controllers/users_controller.rb:7
  [1m[36mUser Exists (68.3ms)[0m  [1m[34mSELECT  1 AS one FROM "users" WHERE "users"."user_name" = ? LIMIT ?[0m  [["user_name", "user_namesssssss"], ["LIMIT", 1]]
  ↳ app/controllers/users_controller.rb:7
  [1m[36mUser Create (125.6ms)[0m  [1m[32mINSERT INTO "users" ("user_name", "email", "password", "created_at", "updated_at") VALUES (?, ?, ?, ?, ?)[0m  [["user_name", "user_namesssssss"], ["email", "emailsssssssss"], ["password", "dddddddddddd"], ["created_at", "2019-12-18 20:27:39.643242"], ["updated_at", "2019-12-18 20:27:39.643242"]]
  ↳ app/controllers/users_controller.rb:7
  [1m[35m (545.5ms)[0m  [1m[36mcommit transaction[0m
  ↳ app/controllers/users_controller.rb:7
Redirected to http://localhost:3000/users/new
Completed 302 Found in 10319ms (ActiveRecord: 934.1ms)


Started GET "/users/new" for 127.0.0.1 at 2019-12-18 22:27:41 +0200
Processing by UsersController#new as HTML
  Rendering users/new.html.erb within layouts/application
  Rendered users/new.html.erb within layouts/application (1.7ms)
Completed 200 OK in 1943ms (Views: 1882.5ms | ActiveRecord: 0.0ms)


Started POST "/users" for 127.0.0.1 at 2019-12-18 22:29:48 +0200
Processing by UsersController#create as HTML
  Parameters: {"utf8"=>"✓", "authenticity_token"=>"QPZEFAHWI1Xz8cl1fiMpRRW28WpWdjmnmufmBvo0L5Y+j/dw0LkjnONROZNflu27dCllDKfPA7xCQjR0O+p2Xw==", "user_name"=>"student", "email"=>"microver@gmail.com", "password"=>"[FILTERED]", "commit"=>"submit"}
  [1m[35m (51.4ms)[0m  [1m[36mbegin transaction[0m
  ↳ app/controllers/users_controller.rb:7
  [1m[36mUser Exists (35.2ms)[0m  [1m[34mSELECT  1 AS one FROM "users" WHERE "users"."user_name" = ? LIMIT ?[0m  [["user_name", "student"], ["LIMIT", 1]]
  ↳ app/controllers/users_controller.rb:7
  [1m[36mUser Create (39.1ms)[0m  [1m[32mINSERT INTO "users" ("user_name", "email", "password", "created_at", "updated_at") VALUES (?, ?, ?, ?, ?)[0m  [["user_name", "student"], ["email", "microver@gmail.com"], ["password", "This is the passw"], ["created_at", "2019-12-18 20:29:49.203432"], ["updated_at", "2019-12-18 20:29:49.203432"]]
  ↳ app/controllers/users_controller.rb:7
  [1m[35m (405.4ms)[0m  [1m[36mcommit transaction[0m
  ↳ app/controllers/users_controller.rb:7
Redirected to http://localhost:3000/users/new
Completed 302 Found in 649ms (ActiveRecord: 531.1ms)


Started GET "/users/new" for 127.0.0.1 at 2019-12-18 22:29:49 +0200
Processing by UsersController#new as HTML
  Rendering users/new.html.erb within layouts/application
  Rendered users/new.html.erb within layouts/application (3.0ms)
Completed 200 OK in 1141ms (Views: 994.0ms | ActiveRecord: 0.0ms)


Started GET "/users/new" for 127.0.0.1 at 2019-12-18 22:42:14 +0200
Processing by UsersController#new as HTML
  Rendering users/new.html.erb within layouts/application
  Rendered users/new.html.erb within layouts/application (46.4ms)
Completed 500 Internal Server Error in 57ms (ActiveRecord: 0.0ms)


  
ActionView::Template::Error (First argument in form cannot contain nil or be empty):
    27: <%
    28: =end%>
    29: 
    30:  <%= form_for @new do |f| %>
    31:  <%= f.label :user_name%>
    32:     <%= f.text_field :user_name %>
    33:     <%= f.label :email%>
  
app/views/users/new.html.erb:30:in `_app_views_users_new_html_erb__2843122080188548694_70033132832840'
Started GET "/users/new" for 127.0.0.1 at 2019-12-18 22:42:56 +0200
Processing by UsersController#new as HTML
  Rendering users/new.html.erb within layouts/application
  Rendered users/new.html.erb within layouts/application (3.8ms)
Completed 500 Internal Server Error in 13ms (ActiveRecord: 0.0ms)


  
ActionView::Template::Error (First argument in form cannot contain nil or be empty):
    27: <%
    28: =end%>
    29: 
    30:  <%= form_for @user do |f| %>
    31:  <%= f.label :user_name%>
    32:     <%= f.text_field :user_name %>
    33:     <%= f.label :email%>
  
app/views/users/new.html.erb:30:in `_app_views_users_new_html_erb__2843122080188548694_70033334093640'
Started GET "/users/new" for 127.0.0.1 at 2019-12-18 22:44:58 +0200
Processing by UsersController#new as HTML
  Rendering users/new.html.erb within layouts/application
  Rendered users/new.html.erb within layouts/application (683.5ms)
Completed 500 Internal Server Error in 690ms (ActiveRecord: 0.0ms)


  
ActionView::Template::Error (First argument in form cannot contain nil or be empty):
    27: <%
    28: =end%>
    29: 
    30:  <%= form_for(@user) do |f| %>
    31:  <%= f.label :user_name%>
    32:     <%= f.text_field :user_name %>
    33:     <%= f.label :email%>
  
app/views/users/new.html.erb:30:in `_app_views_users_new_html_erb__2843122080188548694_70033234511340'
Started GET "/users/new" for 127.0.0.1 at 2019-12-18 22:47:26 +0200
Processing by UsersController#new as HTML
  Rendering users/new.html.erb within layouts/application
  Rendered users/new.html.erb within layouts/application (2197.1ms)
Completed 200 OK in 2784ms (Views: 2256.2ms | ActiveRecord: 1.6ms)


Started POST "/users" for 127.0.0.1 at 2019-12-18 22:47:52 +0200
Processing by UsersController#create as HTML
  Parameters: {"utf8"=>"✓", "authenticity_token"=>"1pdSE8yfL4SIyMsKDU1tqJWevFuV2kTWpm+/Ms9Pre2o7uF3HfAvTZhoO+ws+KlW9AEoPWRjfs1+ym1ADpH0JA==", "user"=>{"user_name"=>"hello", "email"=>"rhrhrh@gmail.com", "password"=>"[FILTERED]"}, "commit"=>"submit"}
  [1m[35m (0.1ms)[0m  [1m[36mbegin transaction[0m
  ↳ app/controllers/users_controller.rb:9
  [1m[36mUser Exists (0.9ms)[0m  [1m[34mSELECT  1 AS one FROM "users" WHERE "users"."user_name" = ? LIMIT ?[0m  [["user_name", "hello"], ["LIMIT", 1]]
  ↳ app/controllers/users_controller.rb:9
  [1m[36mUser Create (1.7ms)[0m  [1m[32mINSERT INTO "users" ("user_name", "email", "password", "created_at", "updated_at") VALUES (?, ?, ?, ?, ?)[0m  [["user_name", "hello"], ["email", "rhrhrh@gmail.com"], ["password", "hellllll"], ["created_at", "2019-12-18 20:47:52.878386"], ["updated_at", "2019-12-18 20:47:52.878386"]]
  ↳ app/controllers/users_controller.rb:9
  [1m[35m (1189.5ms)[0m  [1m[36mcommit transaction[0m
  ↳ app/controllers/users_controller.rb:9
Redirected to http://localhost:3000/users/new
Completed 302 Found in 1208ms (ActiveRecord: 1192.3ms)


Started GET "/users/new" for 127.0.0.1 at 2019-12-18 22:47:54 +0200
Processing by UsersController#new as HTML
  Rendering users/new.html.erb within layouts/application
  Rendered users/new.html.erb within layouts/application (4.3ms)
Completed 200 OK in 55ms (Views: 52.0ms | ActiveRecord: 0.0ms)


